This is pdfTeX, Version 3.141592653-2.6-1.40.25 (MiKTeX 23.10.12 Portable) (preloaded format=pdflatex 2023.11.28)  3 DEC 2023 01:05
entering extended mode
 restricted \write18 enabled.
 %&-line parsing enabled.
**./finalprep.tex
(finalprep.tex
LaTeX2e <2023-11-01>
L3 programming layer <2023-11-09>

(C:\Users\kevin\scoop\apps\miktex\current\texmfs\install\tex/latex/base\article
.cls
Document Class: article 2023/05/17 v1.4n Standard LaTeX document class

(C:\Users\kevin\scoop\apps\miktex\current\texmfs\install\tex/latex/base\size10.
clo
File: size10.clo 2023/05/17 v1.4n Standard LaTeX file (size option)
)
\c@part=\count186
\c@section=\count187
\c@subsection=\count188
\c@subsubsection=\count189
\c@paragraph=\count190
\c@subparagraph=\count191
\c@figure=\count192
\c@table=\count193
\abovecaptionskip=\skip48
\belowcaptionskip=\skip49
\bibindent=\dimen140
)
(C:\Users\kevin\scoop\apps\miktex\current\texmfs\install\tex/latex/amsmath\amsm
ath.sty
Package: amsmath 2023/05/13 v2.17o AMS math features
\@mathmargin=\skip50

For additional information on amsmath, use the `?' option.

(C:\Users\kevin\scoop\apps\miktex\current\texmfs\install\tex/latex/amsmath\amst
ext.sty
Package: amstext 2021/08/26 v2.01 AMS text

(C:\Users\kevin\scoop\apps\miktex\current\texmfs\install\tex/latex/amsmath\amsg
en.sty
File: amsgen.sty 1999/11/30 v2.0 generic functions
\@emptytoks=\toks17
\ex@=\dimen141
))
(C:\Users\kevin\scoop\apps\miktex\current\texmfs\install\tex/latex/amsmath\amsb
sy.sty
Package: amsbsy 1999/11/29 v1.2d Bold Symbols
\pmbraise@=\dimen142
)
(C:\Users\kevin\scoop\apps\miktex\current\texmfs\install\tex/latex/amsmath\amso
pn.sty
Package: amsopn 2022/04/08 v2.04 operator names
)
\inf@bad=\count194
LaTeX Info: Redefining \frac on input line 234.
\uproot@=\count195
\leftroot@=\count196
LaTeX Info: Redefining \overline on input line 399.
LaTeX Info: Redefining \colon on input line 410.
\classnum@=\count197
\DOTSCASE@=\count198
LaTeX Info: Redefining \ldots on input line 496.
LaTeX Info: Redefining \dots on input line 499.
LaTeX Info: Redefining \cdots on input line 620.
\Mathstrutbox@=\box51
\strutbox@=\box52
LaTeX Info: Redefining \big on input line 722.
LaTeX Info: Redefining \Big on input line 723.
LaTeX Info: Redefining \bigg on input line 724.
LaTeX Info: Redefining \Bigg on input line 725.
\big@size=\dimen143
LaTeX Font Info:    Redeclaring font encoding OML on input line 743.
LaTeX Font Info:    Redeclaring font encoding OMS on input line 744.
\macc@depth=\count199
LaTeX Info: Redefining \bmod on input line 905.
LaTeX Info: Redefining \pmod on input line 910.
LaTeX Info: Redefining \smash on input line 940.
LaTeX Info: Redefining \relbar on input line 970.
LaTeX Info: Redefining \Relbar on input line 971.
\c@MaxMatrixCols=\count266
\dotsspace@=\muskip16
\c@parentequation=\count267
\dspbrk@lvl=\count268
\tag@help=\toks18
\row@=\count269
\column@=\count270
\maxfields@=\count271
\andhelp@=\toks19
\eqnshift@=\dimen144
\alignsep@=\dimen145
\tagshift@=\dimen146
\tagwidth@=\dimen147
\totwidth@=\dimen148
\lineht@=\dimen149
\@envbody=\toks20
\multlinegap=\skip51
\multlinetaggap=\skip52
\mathdisplay@stack=\toks21
LaTeX Info: Redefining \[ on input line 2953.
LaTeX Info: Redefining \] on input line 2954.
)
(C:\Users\kevin\scoop\apps\miktex\current\texmfs\install\tex/latex/amsfonts\ams
symb.sty
Package: amssymb 2013/01/14 v3.01 AMS font symbols

(C:\Users\kevin\scoop\apps\miktex\current\texmfs\install\tex/latex/amsfonts\ams
fonts.sty
Package: amsfonts 2013/01/14 v3.01 Basic AMSFonts support
\symAMSa=\mathgroup4
\symAMSb=\mathgroup5
LaTeX Font Info:    Redeclaring math symbol \hbar on input line 98.
LaTeX Font Info:    Overwriting math alphabet `\mathfrak' in version `bold'
(Font)                  U/euf/m/n --> U/euf/b/n on input line 106.
))
(C:\Users\kevin\scoop\apps\miktex\current\texmfs\install\tex/latex/amscls\amsth
m.sty
Package: amsthm 2020/05/29 v2.20.6
\thm@style=\toks22
\thm@bodyfont=\toks23
\thm@headfont=\toks24
\thm@notefont=\toks25
\thm@headpunct=\toks26
\thm@preskip=\skip53
\thm@postskip=\skip54
\thm@headsep=\skip55
\dth@everypar=\toks27
)
(C:\Users\kevin\scoop\apps\miktex\current\texmfs\install\tex/latex/fancyhdr\fan
cyhdr.sty
Package: fancyhdr 2022/11/09 v4.1 Extensive control of page headers and footers

\f@nch@headwidth=\skip56
\f@nch@O@elh=\skip57
\f@nch@O@erh=\skip58
\f@nch@O@olh=\skip59
\f@nch@O@orh=\skip60
\f@nch@O@elf=\skip61
\f@nch@O@erf=\skip62
\f@nch@O@olf=\skip63
\f@nch@O@orf=\skip64
)
(C:\Users\kevin\scoop\apps\miktex\current\texmfs\install\tex/latex/tools\enumer
ate.sty
Package: enumerate 2023/07/04 v3.00 enumerate extensions (DPC)
\@enLab=\toks28
)
(C:\Users\kevin\scoop\apps\miktex\current\texmfs\install\tex/latex/l3backend\l3
backend-pdftex.def
File: l3backend-pdftex.def 2023-11-09 L3 backend support: PDF output (pdfTeX)
\l__color_backend_stack_int=\count272
\l__pdf_internal_box=\box53
) (finalprep.aux)
\openout1 = `finalprep.aux'.

LaTeX Font Info:    Checking defaults for OML/cmm/m/it on input line 12.
LaTeX Font Info:    ... okay on input line 12.
LaTeX Font Info:    Checking defaults for OMS/cmsy/m/n on input line 12.
LaTeX Font Info:    ... okay on input line 12.
LaTeX Font Info:    Checking defaults for OT1/cmr/m/n on input line 12.
LaTeX Font Info:    ... okay on input line 12.
LaTeX Font Info:    Checking defaults for T1/cmr/m/n on input line 12.
LaTeX Font Info:    ... okay on input line 12.
LaTeX Font Info:    Checking defaults for TS1/cmr/m/n on input line 12.
LaTeX Font Info:    ... okay on input line 12.
LaTeX Font Info:    Checking defaults for OMX/cmex/m/n on input line 12.
LaTeX Font Info:    ... okay on input line 12.
LaTeX Font Info:    Checking defaults for U/cmr/m/n on input line 12.
LaTeX Font Info:    ... okay on input line 12.
LaTeX Font Info:    Trying to load font information for U+msa on input line 17.


(C:\Users\kevin\scoop\apps\miktex\current\texmfs\install\tex/latex/amsfonts\ums
a.fd
File: umsa.fd 2013/01/14 v3.01 AMS symbols A
)
LaTeX Font Info:    Trying to load font information for U+msb on input line 17.


(C:\Users\kevin\scoop\apps\miktex\current\texmfs\install\tex/latex/amsfonts\ums
b.fd
File: umsb.fd 2013/01/14 v3.01 AMS symbols B
) [1{C:/Users/kevin/scoop/apps/miktex/current/texmfs/data/fonts/map/pdftex/pdft
ex.map}

]
Overfull \hbox (74.84851pt too wide) detected at line 91
[]
 []

[2]
Overfull \hbox (16.67897pt too wide) detected at line 119
[]
 []

[3]
Overfull \vbox (26.34065pt too high) has occurred while \output is active []


[4] [5]
Overfull \hbox (44.26442pt too wide) in paragraph at lines 179--180
\OT1/cmr/m/n/10 Find the or-thog-o-nal com-ple-ment of the sub-space of $\U/msb
/m/n/10 R[]$ \OT1/cmr/m/n/10 spanned by $(1\OML/cmm/m/it/10 ; \OT1/cmr/m/n/10 1
\OML/cmm/m/it/10 ; \OT1/cmr/m/n/10 1\OML/cmm/m/it/10 ; \OT1/cmr/m/n/10 1)\OML/c
mm/m/it/10 ; \OT1/cmr/m/n/10 (1\OML/cmm/m/it/10 ; \OMS/cmsy/m/n/10 ^^@\OT1/cmr/
m/n/10 1\OML/cmm/m/it/10 ; \OT1/cmr/m/n/10 1\OML/cmm/m/it/10 ; \OMS/cmsy/m/n/10
 ^^@\OT1/cmr/m/n/10 1)$. 
 []

[6] (finalprep.aux)
 ***********
LaTeX2e <2023-11-01>
L3 programming layer <2023-11-09>
 ***********
 ) 
Here is how much of TeX's memory you used:
 1984 strings out of 474586
 29141 string characters out of 5740462
 1968558 words of memory out of 5000000
 24200 multiletter control sequences out of 15000+600000
 561040 words of font info for 48 fonts, out of 8000000 for 9000
 1141 hyphenation exceptions out of 8191
 56i,15n,65p,282b,222s stack positions out of 10000i,1000n,20000p,200000b,200000s
<C:/Users/kevin/scoop/apps/miktex/current/texmfs/install/fonts/type1/public/a
msfonts/cm/cmbx10.pfb><C:/Users/kevin/scoop/apps/miktex/current/texmfs/install/
fonts/type1/public/amsfonts/cm/cmbx12.pfb><C:/Users/kevin/scoop/apps/miktex/cur
rent/texmfs/install/fonts/type1/public/amsfonts/cm/cmbxti10.pfb><C:/Users/kevin
/scoop/apps/miktex/current/texmfs/install/fonts/type1/public/amsfonts/cm/cmex10
.pfb><C:/Users/kevin/scoop/apps/miktex/current/texmfs/install/fonts/type1/publi
c/amsfonts/cm/cmmi10.pfb><C:/Users/kevin/scoop/apps/miktex/current/texmfs/insta
ll/fonts/type1/public/amsfonts/cm/cmmi7.pfb><C:/Users/kevin/scoop/apps/miktex/c
urrent/texmfs/install/fonts/type1/public/amsfonts/cm/cmr10.pfb><C:/Users/kevin/
scoop/apps/miktex/current/texmfs/install/fonts/type1/public/amsfonts/cm/cmr7.pf
b><C:/Users/kevin/scoop/apps/miktex/current/texmfs/install/fonts/type1/public/a
msfonts/cm/cmsy10.pfb><C:/Users/kevin/scoop/apps/miktex/current/texmfs/install/
fonts/type1/public/amsfonts/cm/cmsy7.pfb><C:/Users/kevin/scoop/apps/miktex/curr
ent/texmfs/install/fonts/type1/public/amsfonts/symbols/msbm10.pfb>
Output written on finalprep.pdf (6 pages, 135962 bytes).
PDF statistics:
 76 PDF objects out of 1000 (max. 8388607)
 0 named destinations out of 1000 (max. 500000)
 1 words of extra memory for PDF output out of 10000 (max. 10000000)

