This is pdfTeX, Version 3.141592653-2.6-1.40.24 (MiKTeX 23.1 Portable) (preloaded format=pdflatex 2023.8.21)  24 SEP 2023 17:39
entering extended mode
 restricted \write18 enabled.
 %&-line parsing enabled.
**./lei-kevin-hw3.tex
(lei-kevin-hw3.tex
LaTeX2e <2022-11-01> patch level 1
L3 programming layer <2023-01-24>
(C:\Users\kevin\scoop\apps\miktex\current\texmfs\install\tex/latex/base\article
.cls
Document Class: article 2022/07/02 v1.4n Standard LaTeX document class

(C:\Users\kevin\scoop\apps\miktex\current\texmfs\install\tex/latex/base\size10.
clo
File: size10.clo 2022/07/02 v1.4n Standard LaTeX file (size option)
)
\c@part=\count185
\c@section=\count186
\c@subsection=\count187
\c@subsubsection=\count188
\c@paragraph=\count189
\c@subparagraph=\count190
\c@figure=\count191
\c@table=\count192
\abovecaptionskip=\skip48
\belowcaptionskip=\skip49
\bibindent=\dimen140
)
(C:\Users\kevin\scoop\apps\miktex\current\texmfs\install\tex/latex/amsmath\amsm
ath.sty
Package: amsmath 2022/04/08 v2.17n AMS math features
\@mathmargin=\skip50

For additional information on amsmath, use the `?' option.

(C:\Users\kevin\scoop\apps\miktex\current\texmfs\install\tex/latex/amsmath\amst
ext.sty
Package: amstext 2021/08/26 v2.01 AMS text

(C:\Users\kevin\scoop\apps\miktex\current\texmfs\install\tex/latex/amsmath\amsg
en.sty
File: amsgen.sty 1999/11/30 v2.0 generic functions
\@emptytoks=\toks16
\ex@=\dimen141
))
(C:\Users\kevin\scoop\apps\miktex\current\texmfs\install\tex/latex/amsmath\amsb
sy.sty
Package: amsbsy 1999/11/29 v1.2d Bold Symbols
\pmbraise@=\dimen142
)
(C:\Users\kevin\scoop\apps\miktex\current\texmfs\install\tex/latex/amsmath\amso
pn.sty
Package: amsopn 2022/04/08 v2.04 operator names
)
\inf@bad=\count193
LaTeX Info: Redefining \frac on input line 234.
\uproot@=\count194
\leftroot@=\count195
LaTeX Info: Redefining \overline on input line 399.
LaTeX Info: Redefining \colon on input line 410.
\classnum@=\count196
\DOTSCASE@=\count197
LaTeX Info: Redefining \ldots on input line 496.
LaTeX Info: Redefining \dots on input line 499.
LaTeX Info: Redefining \cdots on input line 620.
\Mathstrutbox@=\box51
\strutbox@=\box52
LaTeX Info: Redefining \big on input line 722.
LaTeX Info: Redefining \Big on input line 723.
LaTeX Info: Redefining \bigg on input line 724.
LaTeX Info: Redefining \Bigg on input line 725.
\big@size=\dimen143
LaTeX Font Info:    Redeclaring font encoding OML on input line 743.
LaTeX Font Info:    Redeclaring font encoding OMS on input line 744.
\macc@depth=\count198
LaTeX Info: Redefining \bmod on input line 905.
LaTeX Info: Redefining \pmod on input line 910.
LaTeX Info: Redefining \smash on input line 940.
LaTeX Info: Redefining \relbar on input line 970.
LaTeX Info: Redefining \Relbar on input line 971.
\c@MaxMatrixCols=\count199
\dotsspace@=\muskip16
\c@parentequation=\count266
\dspbrk@lvl=\count267
\tag@help=\toks17
\row@=\count268
\column@=\count269
\maxfields@=\count270
\andhelp@=\toks18
\eqnshift@=\dimen144
\alignsep@=\dimen145
\tagshift@=\dimen146
\tagwidth@=\dimen147
\totwidth@=\dimen148
\lineht@=\dimen149
\@envbody=\toks19
\multlinegap=\skip51
\multlinetaggap=\skip52
\mathdisplay@stack=\toks20
LaTeX Info: Redefining \[ on input line 2953.
LaTeX Info: Redefining \] on input line 2954.
)
(C:\Users\kevin\scoop\apps\miktex\current\texmfs\install\tex/latex/amsfonts\ams
symb.sty
Package: amssymb 2013/01/14 v3.01 AMS font symbols

(C:\Users\kevin\scoop\apps\miktex\current\texmfs\install\tex/latex/amsfonts\ams
fonts.sty
Package: amsfonts 2013/01/14 v3.01 Basic AMSFonts support
\symAMSa=\mathgroup4
\symAMSb=\mathgroup5
LaTeX Font Info:    Redeclaring math symbol \hbar on input line 98.
LaTeX Font Info:    Overwriting math alphabet `\mathfrak' in version `bold'
(Font)                  U/euf/m/n --> U/euf/b/n on input line 106.
))
(C:\Users\kevin\scoop\apps\miktex\current\texmfs\install\tex/latex/amscls\amsth
m.sty
Package: amsthm 2020/05/29 v2.20.6
\thm@style=\toks21
\thm@bodyfont=\toks22
\thm@headfont=\toks23
\thm@notefont=\toks24
\thm@headpunct=\toks25
\thm@preskip=\skip53
\thm@postskip=\skip54
\thm@headsep=\skip55
\dth@everypar=\toks26
)
(C:\Users\kevin\scoop\apps\miktex\current\texmfs\install\tex/latex/base\latexsy
m.sty
Package: latexsym 1998/08/17 v2.2e Standard LaTeX package (lasy symbols)
\symlasy=\mathgroup6
LaTeX Font Info:    Overwriting symbol font `lasy' in version `bold'
(Font)                  U/lasy/m/n --> U/lasy/b/n on input line 52.
)
(C:\Users\kevin\scoop\apps\miktex\current\texmfs\install\tex/latex/paralist\par
alist.sty
Package: paralist 2017/01/22 v2.7 Extended list environments
\pltopsep=\skip56
\plpartopsep=\skip57
\plitemsep=\skip58
\plparsep=\skip59
\pl@lab=\toks27
)
(C:\Users\kevin\scoop\apps\miktex\current\texmfs\install\tex/latex/fancyhdr\fan
cyhdr.sty
Package: fancyhdr 2022/11/09 v4.1 Extensive control of page headers and footers

\f@nch@headwidth=\skip60
\f@nch@O@elh=\skip61
\f@nch@O@erh=\skip62
\f@nch@O@olh=\skip63
\f@nch@O@orh=\skip64
\f@nch@O@elf=\skip65
\f@nch@O@erf=\skip66
\f@nch@O@olf=\skip67
\f@nch@O@orf=\skip68
)
\c@problem=\count271

(C:\Users\kevin\scoop\apps\miktex\current\texmfs\install\tex/latex/l3backend\l3
backend-pdftex.def
File: l3backend-pdftex.def 2023-01-16 L3 backend support: PDF output (pdfTeX)
\l__color_backend_stack_int=\count272
\l__pdf_internal_box=\box53
) (lei-kevin-hw3.aux)
\openout1 = `lei-kevin-hw3.aux'.

LaTeX Font Info:    Checking defaults for OML/cmm/m/it on input line 48.
LaTeX Font Info:    ... okay on input line 48.
LaTeX Font Info:    Checking defaults for OMS/cmsy/m/n on input line 48.
LaTeX Font Info:    ... okay on input line 48.
LaTeX Font Info:    Checking defaults for OT1/cmr/m/n on input line 48.
LaTeX Font Info:    ... okay on input line 48.
LaTeX Font Info:    Checking defaults for T1/cmr/m/n on input line 48.
LaTeX Font Info:    ... okay on input line 48.
LaTeX Font Info:    Checking defaults for TS1/cmr/m/n on input line 48.
LaTeX Font Info:    ... okay on input line 48.
LaTeX Font Info:    Checking defaults for OMX/cmex/m/n on input line 48.
LaTeX Font Info:    ... okay on input line 48.
LaTeX Font Info:    Checking defaults for U/cmr/m/n on input line 48.
LaTeX Font Info:    ... okay on input line 48.

Overfull \hbox (3.84885pt too wide) in paragraph at lines 55--55
[]\OT1/cmr/bx/n/10 Due dates: \OT1/cmr/m/n/10 Elec-tronic sub-mis-sion of \OT1/
cmr/m/sl/10 yourLastName-yourFirstName-
 []


Overfull \hbox (9.59792pt too wide) in paragraph at lines 55--55
\OT1/cmr/m/sl/10 hw3.tex \OT1/cmr/m/n/10 and \OT1/cmr/m/sl/10 yourLastName-your
FirstName-hw3.pdf \OT1/cmr/m/n/10 files of this home-
 []


Overfull \hbox (50.64049pt too wide) in paragraph at lines 55--55
\OT1/cmr/m/n/10 work is due on \OT1/cmr/bx/n/10 Fri-day, 9/29/2023 11:59 p.m. \
OT1/cmr/m/n/10 on \OT1/cmtt/m/n/10 https://canvas.tamu.edu\OT1/cmr/m/n/10 .
 []

LaTeX Font Info:    Trying to load font information for U+msa on input line 65.


(C:\Users\kevin\scoop\apps\miktex\current\texmfs\install\tex/latex/amsfonts\ums
a.fd
File: umsa.fd 2013/01/14 v3.01 AMS symbols A
)
LaTeX Font Info:    Trying to load font information for U+msb on input line 65.


(C:\Users\kevin\scoop\apps\miktex\current\texmfs\install\tex/latex/amsfonts\ums
b.fd
File: umsb.fd 2013/01/14 v3.01 AMS symbols B
)
LaTeX Font Info:    Trying to load font information for U+lasy on input line 65
.

(C:\Users\kevin\scoop\apps\miktex\current\texmfs\install\tex/latex/base\ulasy.f
d
File: ulasy.fd 1998/08/17 v2.2e LaTeX symbol font definitions
) [1{C:/Users/kevin/scoop/apps/miktex/current/texmfs/data/fonts/map/pdftex/pdft
ex.map}

] [2] [3] [4] [5] [6] (lei-kevin-hw3.aux) ) 
Here is how much of TeX's memory you used:
 2176 strings out of 476375
 32920 string characters out of 5783765
 1859299 words of memory out of 5000000
 22582 multiletter control sequences out of 15000+600000
 516396 words of font info for 50 fonts, out of 8000000 for 9000
 1141 hyphenation exceptions out of 8191
 56i,11n,62p,232b,225s stack positions out of 10000i,1000n,20000p,200000b,200000s
<C:/Users/kevin/scoop/apps/miktex/cu
rrent/texmfs/install/fonts/type1/public/amsfonts/cm/cmbx10.pfb><C:/Users/kevin/
scoop/apps/miktex/current/texmfs/install/fonts/type1/public/amsfonts/cm/cmmi10.
pfb><C:/Users/kevin/scoop/apps/miktex/current/texmfs/install/fonts/type1/public
/amsfonts/cm/cmmi7.pfb><C:/Users/kevin/scoop/apps/miktex/current/texmfs/install
/fonts/type1/public/amsfonts/cm/cmr10.pfb><C:/Users/kevin/scoop/apps/miktex/cur
rent/texmfs/install/fonts/type1/public/amsfonts/cm/cmr12.pfb><C:/Users/kevin/sc
oop/apps/miktex/current/texmfs/install/fonts/type1/public/amsfonts/cm/cmr7.pfb>
<C:/Users/kevin/scoop/apps/miktex/current/texmfs/install/fonts/type1/public/ams
fonts/cm/cmsl10.pfb><C:/Users/kevin/scoop/apps/miktex/current/texmfs/install/fo
nts/type1/public/amsfonts/cm/cmsy10.pfb><C:/Users/kevin/scoop/apps/miktex/curre
nt/texmfs/install/fonts/type1/public/amsfonts/cm/cmsy7.pfb><C:/Users/kevin/scoo
p/apps/miktex/current/texmfs/install/fonts/type1/public/amsfonts/cm/cmti10.pfb>
<C:/Users/kevin/scoop/apps/miktex/current/texmfs/install/fonts/type1/public/ams
fonts/cm/cmtt10.pfb><C:/Users/kevin/scoop/apps/miktex/current/texmfs/install/fo
nts/type1/public/amsfonts/latxfont/lasy10.pfb>
Output written on lei-kevin-hw3.pdf (6 pages, 171290 bytes).
PDF statistics:
 81 PDF objects out of 1000 (max. 8388607)
 0 named destinations out of 1000 (max. 500000)
 1 words of extra memory for PDF output out of 10000 (max. 10000000)

